Arguments: 
  C:\Program Files\nodejs\node.exe C:\Program Files (x86)\Yarn\bin\yarn.js run watch

PATH: 
  C:\Users\B2G Plex\bin;C:\Program Files\Git\mingw64\bin;C:\Program Files\Git\usr\local\bin;C:\Program Files\Git\usr\bin;C:\Program Files\Git\usr\bin;C:\Program Files\Git\mingw64\bin;C:\Program Files\Git\usr\bin;C:\Users\B2G Plex\bin;C:\Python27;C:\Python27\Scripts;C:\Program Files (x86)\Common Files\Oracle\Java\javapath;C:\Windows\system32;C:\Windows;C:\Windows\System32\Wbem;C:\Windows\System32\WindowsPowerShell\v1.0;C:\Program Files (x86)\NVIDIA Corporation\PhysX\Common;C:\WINDOWS\system32;C:\WINDOWS;C:\WINDOWS\System32\Wbem;C:\WINDOWS\System32\WindowsPowerShell\v1.0;C:\Program Files (x86)\Yarn\bin;C:\Program Files\Microsoft VS Code\bin;C:\WINDOWS\System32\OpenSSH;C:\Program Files\Git\cmd;C:\Program Files\Git\mingw64\bin;C:\Program Files\Git\usr\bin;C:\Program Files\PuTTY;C:\ProgramData\chocolatey\bin;C:\Program Files\Java\jdk1.8.0_201\bin;C:\Program Files\nodejs;C:\Users\B2G Plex\AppData\Local\Microsoft\WindowsApps;C:\Users\B2G Plex\AppData\Local\atom\bin;C:\Users\B2G Plex\AppData\Local\Microsoft\WindowsApps;C:\Users\B2G Plex\AppData\Local\GitHubDesktop\bin;C:\Users\B2G Plex\AppData\Local\Yarn\bin;C:\Program Files\heroku\bin;C:\Users\B2G Plex\AppData\Local\Android\Sdk\platform-tools;C:\Users\B2G Plex\AppData\Roaming\npm;C:\Program Files\Git\usr\bin\vendor_perl;C:\Program Files\Git\usr\bin\core_perl

Yarn version: 
  1.5.1

Node version: 
  11.9.0

Platform: 
  win32 x64

npm manifest: 
  {
    "name": "flightApp",
    "version": "4.0.0",
    "description": "",
    "main": "index.js",
    "scripts": {
      "test": "jest",
      "build": "gulp build",
      "dev:webpack": "webpack --mode development --env.NODE_ENV=dev",
      "build:webpack": "webpack --mode production --env.NODE_ENV=production",
      "watch": "gulp",
      "proxy": "gulp watch-proxy",
      "static:dev": "gulp static-dev",
      "static:build": "gulp static-dev",
      "imgs": "gulp imagemin"
    },
    "author": "",
    "license": "ISC",
    "devDependencies": {
      "@babel/core": "^7.1.5",
      "@babel/plugin-proposal-class-properties": "^7.1.0",
      "@babel/preset-env": "^7.1.5",
      "@babel/preset-es2016": "^7.0.0-beta.53",
      "@babel/preset-react": "^7.0.0",
      "@babel/preset-stage-0": "^7.0.0",
      "@babel/register": "^7.0.0",
      "autoprefixer": "^9.3.1",
      "axios": "^0.18.0",
      "babel-core": "^6.26.3",
      "babel-loader": "^8.0.4",
      "babel-preset-env": "^1.7.0",
      "browser-sync": "^2.26.3",
      "clean-webpack-plugin": "^0.1.19",
      "css-loader": "^1.0.1",
      "extract-text-webpack-plugin": "^4.0.0-beta.0",
      "gulp": "^4.0.0",
      "gulp-autoprefixer": "^3.1.1",
      "gulp-edgejs": "^0.2.4",
      "gulp-imagemin": "^5.0.3",
      "gulp-pretty-url": "^0.1.1",
      "gulp-sass": "^3.0.0",
      "har-validator": "^5.1.3",
      "html-webpack-plugin": "^3.2.0",
      "jest": "^24.8.0",
      "mini-css-extract-plugin": "^0.4.4",
      "node-sass": "^4.10.0",
      "postcss-loader": "^3.0.0",
      "prettier": "^1.15.1",
      "prettier-loader": "^2.1.1",
      "react": "^16.8.6",
      "react-dom": "^16.8.6",
      "react-redux": "^5.1.0",
      "sass-loader": "^7.1.0",
      "style-loader": "^0.23.1",
      "uglify-es": "^3.3.9",
      "uglifyjs-webpack-plugin": "^1.3.0",
      "webpack": "^4.25.1",
      "webpack-cli": "^3.1.2",
      "webpack-md5-hash": "0.0.6"
    },
    "dependencies": {
      "@babel/plugin-proposal-decorators": "^7.1.6",
      "@babel/plugin-syntax-dynamic-import": "^7.0.0",
      "@babel/plugin-transform-async-to-generator": "^7.1.0",
      "gulp-pug": "^4.0.1",
      "lodash": "^4.17.11",
      "moment": "^2.24.0",
      "react-datetime": "^2.16.3",
      "react-materialize": "^3.3.1",
      "react-router-dom": "^5.0.1",
      "react-select": "^3.0.4",
      "redux": "^4.0.1",
      "redux-form": "^8.2.3",
      "redux-thunk": "^2.3.0",
      "webpack-dev-server": "^3.1.14"
    }
  }

yarn manifest: 
  No manifest

Lockfile: 
  No lockfile

Trace: 
  Error: Command failed.
  Exit code: 1
  Command: C:\WINDOWS\system32\cmd.exe
  Arguments: /d /s /c gulp
  Directory: C:\Users\B2G Plex\Documents\Interview\flightApp
  Output:
  
      at ProcessTermError.MessageError (C:\Program Files (x86)\Yarn\lib\cli.js:186:110)
      at new ProcessTermError (C:\Program Files (x86)\Yarn\lib\cli.js:226:113)
      at ChildProcess.<anonymous> (C:\Program Files (x86)\Yarn\lib\cli.js:30281:17)
      at ChildProcess.emit (events.js:197:13)
      at maybeClose (internal/child_process.js:978:16)
      at Process.ChildProcess._handle.onexit (internal/child_process.js:265:5)
